0 info it worked if it ends with ok
1 verbose cli [ '/usr/local/Cellar/node/5.9.1/bin/node',
1 verbose cli   '/usr/local/bin/npm',
1 verbose cli   'run',
1 verbose cli   'go' ]
2 info using npm@4.1.2
3 info using node@v7.4.0
4 verbose run-script [ 'prego', 'go', 'postgo' ]
5 info lifecycle compost-pile@2.0.0~prego: compost-pile@2.0.0
6 silly lifecycle compost-pile@2.0.0~prego: no script for prego, continuing
7 info lifecycle compost-pile@2.0.0~go: compost-pile@2.0.0
8 verbose lifecycle compost-pile@2.0.0~go: unsafe-perm in lifecycle true
9 verbose lifecycle compost-pile@2.0.0~go: PATH: /usr/local/lib/node_modules/npm/bin/node-gyp-bin:/Users/coreytegeler/Sites/compostpile/compost-pile.org/node_modules/.bin:/opt/local/bin:/opt/local/sbin:/usr/local/bin:/usr/local/share/npm/bin:/usr/local/bin:/usr/local/heroku/bin:/usr/local/git/bin:/usr/local/bin:/usr/bin:/bin:/usr/sbin:~/src/stagecoach/bin:/usr/local/MacGPG2/bin:/usr/local/mysql/bin:/User/coreytegeler/src/stagecoach/bin
10 verbose lifecycle compost-pile@2.0.0~go: CWD: /Users/coreytegeler/Sites/compostpile/compost-pile.org
11 silly lifecycle compost-pile@2.0.0~go: Args: [ '-c', 'npm run css & npm run js & npm run local' ]
12 silly lifecycle compost-pile@2.0.0~go: Returned: code: 137  signal: null
13 info lifecycle compost-pile@2.0.0~go: Failed to exec go script
14 verbose stack Error: compost-pile@2.0.0 go: `npm run css & npm run js & npm run local`
14 verbose stack Exit status 137
14 verbose stack     at EventEmitter.<anonymous> (/usr/local/lib/node_modules/npm/lib/utils/lifecycle.js:279:16)
14 verbose stack     at emitTwo (events.js:106:13)
14 verbose stack     at EventEmitter.emit (events.js:191:7)
14 verbose stack     at ChildProcess.<anonymous> (/usr/local/lib/node_modules/npm/lib/utils/spawn.js:40:14)
14 verbose stack     at emitTwo (events.js:106:13)
14 verbose stack     at ChildProcess.emit (events.js:191:7)
14 verbose stack     at maybeClose (internal/child_process.js:885:16)
14 verbose stack     at Process.ChildProcess._handle.onexit (internal/child_process.js:226:5)
15 verbose pkgid compost-pile@2.0.0
16 verbose cwd /Users/coreytegeler/Sites/compostpile/compost-pile.org
17 error Darwin 16.5.0
18 error argv "/usr/local/Cellar/node/5.9.1/bin/node" "/usr/local/bin/npm" "run" "go"
19 error node v7.4.0
20 error npm  v4.1.2
21 error code ELIFECYCLE
22 error compost-pile@2.0.0 go: `npm run css & npm run js & npm run local`
22 error Exit status 137
23 error Failed at the compost-pile@2.0.0 go script 'npm run css & npm run js & npm run local'.
23 error Make sure you have the latest version of node.js and npm installed.
23 error If you do, this is most likely a problem with the compost-pile package,
23 error not with npm itself.
23 error Tell the author that this fails on your system:
23 error     npm run css & npm run js & npm run local
23 error You can get information on how to open an issue for this project with:
23 error     npm bugs compost-pile
23 error Or if that isn't available, you can get their info via:
23 error     npm owner ls compost-pile
23 error There is likely additional logging output above.
24 verbose exit [ 1, true ]
